<?xml version="1.0" encoding="UTF-8"?>
<!-- Generated by org.testng.reporters.JUnitXMLReporter -->
<testsuite ignored="0" hostname="Vivek" failures="0" tests="6" name="Crometest" time="3.607" errors="0" timestamp="2023-10-27T23:35:11 EDT">
  <testcase classname="ca.amazon.testcase.Searchtest" name="@BeforeMethod launchapp" time="-1.698464108086E9">
    <failure type="org.testng.TestNGException" message="
Can inject only one of &amp;lt;ITestContext, XmlTest, Method, Object[], ITestResult&amp;gt; into a @BeforeMethod annotated launchapp.
For more information on native dependency injection please refer to https://testng.org/doc/documentation-main.html#native-dependency-injection">
      <![CDATA[org.testng.TestNGException: 
Can inject only one of <ITestContext, XmlTest, Method, Object[], ITestResult> into a @BeforeMethod annotated launchapp.
For more information on native dependency injection please refer to https://testng.org/doc/documentation-main.html#native-dependency-injection
at java.base/java.util.ArrayList.forEach(ArrayList.java:1511)
... Removed 28 stack frames]]>
    </failure>
  </testcase> <!-- @BeforeMethod launchapp -->
  <testcase classname="ca.amazon.testcase.Searchtest" name="@AfterMethod teardown" time="0.0">
    <skipped/>
  </testcase> <!-- @AfterMethod teardown -->
  <testcase classname="ca.amazon.testcase.Searchtest" name="@BeforeMethod launchapp" time="0.0">
    <skipped/>
  </testcase> <!-- @BeforeMethod launchapp -->
  <testcase classname="ca.amazon.testcase.Searchtest" name="@AfterMethod teardown" time="0.0">
    <skipped/>
  </testcase> <!-- @AfterMethod teardown -->
  <testcase classname="ca.amazon.testcase.Searchtest" name="@BeforeMethod launchapp" time="0.0">
    <skipped/>
  </testcase> <!-- @BeforeMethod launchapp -->
  <testcase classname="ca.amazon.testcase.Searchtest" name="@AfterMethod teardown" time="0.0">
    <skipped/>
  </testcase> <!-- @AfterMethod teardown -->
  <testcase classname="ca.amazon.testcase.Searchtest" name="@BeforeMethod launchapp" time="0.0">
    <skipped/>
  </testcase> <!-- @BeforeMethod launchapp -->
  <testcase classname="ca.amazon.testcase.Searchtest" name="@AfterMethod teardown" time="0.0">
    <skipped/>
  </testcase> <!-- @AfterMethod teardown -->
  <testcase classname="ca.amazon.testcase.Searchtest" name="@BeforeMethod launchapp" time="0.0">
    <skipped/>
  </testcase> <!-- @BeforeMethod launchapp -->
  <testcase classname="ca.amazon.testcase.Searchtest" name="@AfterMethod teardown" time="0.0">
    <skipped/>
  </testcase> <!-- @AfterMethod teardown -->
  <testcase classname="ca.amazon.testcase.Searchtest" name="@BeforeMethod launchapp" time="0.0">
    <skipped/>
  </testcase> <!-- @BeforeMethod launchapp -->
  <testcase classname="ca.amazon.testcase.Searchtest" name="@AfterMethod teardown" time="0.0">
    <skipped/>
  </testcase> <!-- @AfterMethod teardown -->
  <testcase classname="ca.amazon.testcase.Searchtest" name="partialtextvalidate" time="0.0">
    <skipped/>
  </testcase> <!-- partialtextvalidate -->
  <testcase classname="ca.amazon.testcase.Searchtest" name="searchresult" time="0.0">
    <skipped/>
  </testcase> <!-- searchresult -->
  <testcase classname="ca.amazon.testcase.Searchtest" name="searchresult" time="0.0">
    <skipped/>
  </testcase> <!-- searchresult -->
  <testcase classname="ca.amazon.testcase.Searchtest" name="searchresult" time="0.0">
    <skipped/>
  </testcase> <!-- searchresult -->
  <testcase classname="ca.amazon.testcase.Searchtest" name="searchresult" time="0.0">
    <skipped/>
  </testcase> <!-- searchresult -->
  <testcase classname="ca.amazon.testcase.Searchtest" name="validateproductperpage" time="0.0">
    <skipped/>
  </testcase> <!-- validateproductperpage -->
</testsuite> <!-- Crometest -->
